0 info it worked if it ends with ok
1 verbose cli [ 'C:\\Program Files\\nodejs\\node.exe',
1 verbose cli   'C:\\Program Files\\nodejs\\node_modules\\npm\\bin\\npm-cli.js',
1 verbose cli   'publish' ]
2 info using npm@3.10.10
3 info using node@v7.3.0
4 verbose publish [ '.' ]
5 silly cache add args [ '.', null ]
6 verbose cache add spec .
7 silly cache add parsed spec Result {
7 silly cache add   raw: '.',
7 silly cache add   scope: null,
7 silly cache add   escapedName: null,
7 silly cache add   name: null,
7 silly cache add   rawSpec: '.',
7 silly cache add   spec: 'C:\\Users\\ryan.mclean.adm\\Desktop\\perstat-data',
7 silly cache add   type: 'directory' }
8 verbose addLocalDirectory C:\Users\ryan.mclean.adm\AppData\Roaming\npm-cache\perstat-data\3.0.2\package.tgz not in flight; packing
9 verbose correctMkdir C:\Users\ryan.mclean.adm\AppData\Roaming\npm-cache correctMkdir not in flight; initializing
10 info lifecycle perstat-data@3.0.2~prepublish: perstat-data@3.0.2
11 silly lifecycle perstat-data@3.0.2~prepublish: no script for prepublish, continuing
12 verbose tar pack [ 'C:\\Users\\ryan.mclean.adm\\AppData\\Roaming\\npm-cache\\perstat-data\\3.0.2\\package.tgz',
12 verbose tar pack   'C:\\Users\\ryan.mclean.adm\\Desktop\\perstat-data' ]
13 verbose tarball C:\Users\ryan.mclean.adm\AppData\Roaming\npm-cache\perstat-data\3.0.2\package.tgz
14 verbose folder C:\Users\ryan.mclean.adm\Desktop\perstat-data
15 verbose addLocalTarball adding from inside cache C:\Users\ryan.mclean.adm\AppData\Roaming\npm-cache\perstat-data\3.0.2\package.tgz
16 verbose correctMkdir C:\Users\ryan.mclean.adm\AppData\Roaming\npm-cache correctMkdir not in flight; initializing
17 silly cache afterAdd perstat-data@3.0.2
18 verbose afterAdd C:\Users\ryan.mclean.adm\AppData\Roaming\npm-cache\perstat-data\3.0.2\package\package.json not in flight; writing
19 verbose correctMkdir C:\Users\ryan.mclean.adm\AppData\Roaming\npm-cache correctMkdir not in flight; initializing
20 verbose afterAdd C:\Users\ryan.mclean.adm\AppData\Roaming\npm-cache\perstat-data\3.0.2\package\package.json written
21 silly publish { name: 'perstat-data',
21 silly publish   version: '3.0.2',
21 silly publish   description: 'An AngularJS module that contains the services to interact with PERSTAT data',
21 silly publish   scripts: { test: 'echo "Error: no test specified" && exit 1' },
21 silly publish   repository:
21 silly publish    { type: 'git',
21 silly publish      url: 'git+https://github.com/mcleanra/perstat-data.git' },
21 silly publish   author: { name: 'Ryan McLean' },
21 silly publish   license: 'MIT',
21 silly publish   bugs: { url: 'https://github.com/mcleanra/perstat-data/issues' },
21 silly publish   homepage: 'https://github.com/mcleanra/perstat-data#readme',
21 silly publish   devDependencies:
21 silly publish    { gulp: '~3.9.0',
21 silly publish      'gulp-concat': '^2.6.1',
21 silly publish      'gulp-uglify': '^2.1.2' },
21 silly publish   unpkg: 'dist/perstat-data.min.js',
21 silly publish   files: [ 'dist' ],
21 silly publish   dependencies: { 'angular-sp-digest': '^3.0.2', 'angular-sp-list': '^3.0.6' },
21 silly publish   readme: '# perstat-data\r\nAn AngularJS module that contains the services to interact with PERSTAT data\r\n\r\n## Requirements\r\n\r\n - AngularJS\r\n\r\n## Installing\r\n\r\n### NPM\r\n\r\n<pre>npm install perstat-data</pre>\r\n\r\nInject the module into your page:\r\n\r\n```html\r\n<script type="text/javascript" src="../node_modules/perstat-data/dist/perstat-data.min.js"></script>\r\n```\r\n\r\nInclude this module as a dependency in your app:\r\n\r\n```javascript\r\nangular.module(\'myApp\', [\'perstat.data\']);\r\n```\r\n\r\n### Bower\r\n\r\n<pre>bower install perstat-data</pre>\r\n\r\n## Contributing\r\n\r\n<pre>git clone https://github.com/mcleanra/perstat-data.git</pre>\r\n\r\n### Install dependencies\r\n\r\n<pre>npm install</pre>\r\n\r\n### Build\r\n\r\nBuild the app\r\n\r\n<pre>gulp</pre>',
21 silly publish   readmeFilename: 'README.md',
21 silly publish   gitHead: '6691e8cfcef9faae66035558b7062d4c336010d8',
21 silly publish   _id: 'perstat-data@3.0.2',
21 silly publish   _shasum: '358de6aafa388ddebf959bddada40af439b22381',
21 silly publish   _from: '.' }
22 verbose getPublishConfig undefined
23 silly mapToRegistry name perstat-data
24 silly mapToRegistry using default registry
25 silly mapToRegistry registry https://registry.npmjs.org/
26 silly mapToRegistry data Result {
26 silly mapToRegistry   raw: 'perstat-data',
26 silly mapToRegistry   scope: null,
26 silly mapToRegistry   escapedName: 'perstat-data',
26 silly mapToRegistry   name: 'perstat-data',
26 silly mapToRegistry   rawSpec: '',
26 silly mapToRegistry   spec: 'latest',
26 silly mapToRegistry   type: 'tag' }
27 silly mapToRegistry uri https://registry.npmjs.org/perstat-data
28 verbose publish registryBase https://registry.npmjs.org/
29 silly publish uploading C:\Users\ryan.mclean.adm\AppData\Roaming\npm-cache\perstat-data\3.0.2\package.tgz
30 verbose request uri https://registry.npmjs.org/perstat-data
31 verbose request sending authorization for write operation
32 info attempt registry request try #1 at 3:09:17 PM
33 verbose request using bearer token for auth
34 verbose request id c3eff1f94cb45038
35 http request PUT https://registry.npmjs.org/perstat-data
36 http 403 https://registry.npmjs.org/perstat-data
37 verbose headers { 'content-type': 'application/json',
37 verbose headers   'cache-control': 'max-age=300',
37 verbose headers   'content-length': '95',
37 verbose headers   'accept-ranges': 'bytes',
37 verbose headers   date: 'Thu, 04 May 2017 13:09:19 GMT',
37 verbose headers   via: '1.1 varnish',
37 verbose headers   connection: 'keep-alive',
37 verbose headers   'x-served-by': 'cache-hhn1527-HHN',
37 verbose headers   'x-cache': 'MISS',
37 verbose headers   'x-cache-hits': '0',
37 verbose headers   'x-timer': 'S1493903358.941187,VS0,VE1182',
37 verbose headers   vary: 'Accept-Encoding' }
38 verbose request invalidating C:\Users\ryan.mclean.adm\AppData\Roaming\npm-cache\registry.npmjs.org\perstat-data on PUT
39 error publish Failed PUT 403
40 verbose stack Error: "You cannot publish over the previously published version 3.0.2." : perstat-data
40 verbose stack     at makeError (C:\Program Files\nodejs\node_modules\npm\node_modules\npm-registry-client\lib\request.js:302:12)
40 verbose stack     at CachingRegistryClient.<anonymous> (C:\Program Files\nodejs\node_modules\npm\node_modules\npm-registry-client\lib\request.js:290:14)
40 verbose stack     at Request._callback (C:\Program Files\nodejs\node_modules\npm\node_modules\npm-registry-client\lib\request.js:210:14)
40 verbose stack     at Request.self.callback (C:\Program Files\nodejs\node_modules\npm\node_modules\request\request.js:187:22)
40 verbose stack     at emitTwo (events.js:106:13)
40 verbose stack     at Request.emit (events.js:191:7)
40 verbose stack     at Request.<anonymous> (C:\Program Files\nodejs\node_modules\npm\node_modules\request\request.js:1048:10)
40 verbose stack     at emitOne (events.js:96:13)
40 verbose stack     at Request.emit (events.js:188:7)
40 verbose stack     at IncomingMessage.<anonymous> (C:\Program Files\nodejs\node_modules\npm\node_modules\request\request.js:969:12)
41 verbose statusCode 403
42 verbose pkgid perstat-data
43 verbose cwd C:\Users\ryan.mclean.adm\Desktop\perstat-data
44 error Windows_NT 10.0.15063
45 error argv "C:\\Program Files\\nodejs\\node.exe" "C:\\Program Files\\nodejs\\node_modules\\npm\\bin\\npm-cli.js" "publish"
46 error node v7.3.0
47 error npm  v3.10.10
48 error code E403
49 error "You cannot publish over the previously published version 3.0.2." : perstat-data
50 error If you need help, you may report this error at:
50 error     <https://github.com/npm/npm/issues>
51 verbose exit [ 1, true ]
